# JRE version: OpenJDK Runtime Environment (8.0_242-b01) (build 1.8.0_242-release-1644-b01)
# Java VM: OpenJDK 64-Bit Server VM (25.242-b01 mixed mode windows-amd64 compressed oops)
Heap:
 PSYoungGen      total 311808K, used 250744K [0x00000000d5580000, 0x00000000ead00000, 0x0000000100000000)
  eden space 292352K, 85% used [0x00000000d5580000,0x00000000e4a5e300,0x00000000e7300000)
  from space 19456K, 0% used [0x00000000e7e00000,0x00000000e7e00000,0x00000000e9100000)
  to   space 28672K, 0% used [0x00000000e9100000,0x00000000e9100000,0x00000000ead00000)
 ParOldGen       total 220672K, used 62374K [0x0000000080000000, 0x000000008d780000, 0x00000000d5580000)
  object space 220672K, 28% used [0x0000000080000000,0x0000000083ce99a8,0x000000008d780000)
 Metaspace       used 98254K, capacity 102500K, committed 103592K, reserved 1138688K
  class space    used 12623K, capacity 13520K, committed 13744K, reserved 1048576K
GC Heap History (10 events):
Event: 15.773 GC heap before
{Heap before GC invocations=15 (full 3):
 PSYoungGen      total 212992K, used 193536K [0x00000000d5580000, 0x00000000e7780000, 0x0000000100000000)
  eden space 193536K, 100% used [0x00000000d5580000,0x00000000e1280000,0x00000000e1280000)
  from space 19456K, 0% used [0x00000000e1280000,0x00000000e1280000,0x00000000e2580000)
  to   space 19968K, 0% used [0x00000000e6400000,0x00000000e6400000,0x00000000e7780000)
 ParOldGen       total 144384K, used 30712K [0x0000000080000000, 0x0000000088d00000, 0x00000000d5580000)
  object space 144384K, 21% used [0x0000000080000000,0x0000000081dfe030,0x0000000088d00000)
 Metaspace       used 67739K, capacity 70236K, committed 70448K, reserved 1110016K
  class space    used 9220K, capacity 9731K, committed 9776K, reserved 1048576K
Event: 15.787 GC heap after
Heap after GC invocations=15 (full 3):
 PSYoungGen      total 267264K, used 16538K [0x00000000d5580000, 0x00000000e7480000, 0x0000000100000000)
  eden space 250368K, 0% used [0x00000000d5580000,0x00000000d5580000,0x00000000e4a00000)
  from space 16896K, 97% used [0x00000000e6400000,0x00000000e74269f0,0x00000000e7480000)
  to   space 21504K, 0% used [0x00000000e4a80000,0x00000000e4a80000,0x00000000e5f80000)
 ParOldGen       total 144384K, used 30720K [0x0000000080000000, 0x0000000088d00000, 0x00000000d5580000)
  object space 144384K, 21% used [0x0000000080000000,0x0000000081e00030,0x0000000088d00000)
 Metaspace       used 67739K, capacity 70236K, committed 70448K, reserved 1110016K
  class space    used 9220K, capacity 9731K, committed 9776K, reserved 1048576K
}
Event: 53.330 GC heap before
{Heap before GC invocations=16 (full 3):
 PSYoungGen      total 267264K, used 266906K [0x00000000d5580000, 0x00000000e7480000, 0x0000000100000000)
  eden space 250368K, 100% used [0x00000000d5580000,0x00000000e4a00000,0x00000000e4a00000)
  from space 16896K, 97% used [0x00000000e6400000,0x00000000e74269f0,0x00000000e7480000)
  to   space 21504K, 0% used [0x00000000e4a80000,0x00000000e4a80000,0x00000000e5f80000)
 ParOldGen       total 144384K, used 30720K [0x0000000080000000, 0x0000000088d00000, 0x00000000d5580000)
  object space 144384K, 21% used [0x0000000080000000,0x0000000081e00030,0x0000000088d00000)
 Metaspace       used 81439K, capacity 85364K, committed 85552K, reserved 1124352K
  class space    used 10765K, capacity 11539K, committed 11568K, reserved 1048576K
Event: 53.350 GC heap after
Heap after GC invocations=16 (full 3):
 PSYoungGen      total 272384K, used 21487K [0x00000000d5580000, 0x00000000ebf80000, 0x0000000100000000)
  eden space 250880K, 0% used [0x00000000d5580000,0x00000000d5580000,0x00000000e4a80000)
  from space 21504K, 99% used [0x00000000e4a80000,0x00000000e5f7bd08,0x00000000e5f80000)
  to   space 28672K, 0% used [0x00000000ea380000,0x00000000ea380000,0x00000000ebf80000)
 ParOldGen       total 144384K, used 41500K [0x0000000080000000, 0x0000000088d00000, 0x00000000d5580000)
  object space 144384K, 28% used [0x0000000080000000,0x0000000082887148,0x0000000088d00000)
 Metaspace       used 81439K, capacity 85364K, committed 85552K, reserved 1124352K
  class space    used 10765K, capacity 11539K, committed 11568K, reserved 1048576K
}
Event: 529.229 GC heap before
{Heap before GC invocations=17 (full 3):
 PSYoungGen      total 272384K, used 272367K [0x00000000d5580000, 0x00000000ebf80000, 0x0000000100000000)
  eden space 250880K, 100% used [0x00000000d5580000,0x00000000e4a80000,0x00000000e4a80000)
  from space 21504K, 99% used [0x00000000e4a80000,0x00000000e5f7bd08,0x00000000e5f80000)
  to   space 28672K, 0% used [0x00000000ea380000,0x00000000ea380000,0x00000000ebf80000)
 ParOldGen       total 144384K, used 41500K [0x0000000080000000, 0x0000000088d00000, 0x00000000d5580000)
  object space 144384K, 28% used [0x0000000080000000,0x0000000082887148,0x0000000088d00000)
 Metaspace       used 86467K, capacity 91216K, committed 91440K, reserved 1128448K
  class space    used 11332K, capacity 12265K, committed 12336K, reserved 1048576K
Event: 529.246 GC heap after
Heap after GC invocations=17 (full 3):
 PSYoungGen      total 322560K, used 17204K [0x00000000d5580000, 0x00000000eb600000, 0x0000000100000000)
  eden space 303616K, 0% used [0x00000000d5580000,0x00000000d5580000,0x00000000e7e00000)
  from space 18944K, 90% used [0x00000000ea380000,0x00000000eb44d300,0x00000000eb600000)
  to   space 28672K, 0% used [0x00000000e7e00000,0x00000000e7e00000,0x00000000e9a00000)
 ParOldGen       total 144384K, used 52559K [0x0000000080000000, 0x0000000088d00000, 0x00000000d5580000)
  object space 144384K, 36% used [0x0000000080000000,0x0000000083353d88,0x0000000088d00000)
 Metaspace       used 86467K, capacity 91216K, committed 91440K, reserved 1128448K
  class space    used 11332K, capacity 12265K, committed 12336K, reserved 1048576K
}
Event: 1452.906 GC heap before
{Heap before GC invocations=18 (full 3):
 PSYoungGen      total 322560K, used 261249K [0x00000000d5580000, 0x00000000eb600000, 0x0000000100000000)
  eden space 303616K, 80% used [0x00000000d5580000,0x00000000e43d3488,0x00000000e7e00000)
  from space 18944K, 90% used [0x00000000ea380000,0x00000000eb44d300,0x00000000eb600000)
  to   space 28672K, 0% used [0x00000000e7e00000,0x00000000e7e00000,0x00000000e9a00000)
 ParOldGen       total 144384K, used 52559K [0x0000000080000000, 0x0000000088d00000, 0x00000000d5580000)
  object space 144384K, 36% used [0x0000000080000000,0x0000000083353d88,0x0000000088d00000)
 Metaspace       used 93588K, capacity 98560K, committed 98600K, reserved 1134592K
  class space    used 12114K, capacity 13079K, committed 13104K, reserved 1048576K
Event: 1452.928 GC heap after
Heap after GC invocations=18 (full 3):
 PSYoungGen      total 311808K, used 19335K [0x00000000d5580000, 0x00000000ead00000, 0x0000000100000000)
  eden space 292352K, 0% used [0x00000000d5580000,0x00000000d5580000,0x00000000e7300000)
  from space 19456K, 99% used [0x00000000e7e00000,0x00000000e90e1db8,0x00000000e9100000)
  to   space 28672K, 0% used [0x00000000e9100000,0x00000000e9100000,0x00000000ead00000)
 ParOldGen       total 144384K, used 52567K [0x0000000080000000, 0x0000000088d00000, 0x00000000d5580000)
  object space 144384K, 36% used [0x0000000080000000,0x0000000083355d88,0x0000000088d00000)
 Metaspace       used 93588K, capacity 98560K, committed 98600K, reserved 1134592K
  class space    used 12114K, capacity 13079K, committed 13104K, reserved 1048576K
}
Event: 1452.928 GC heap before
{Heap before GC invocations=19 (full 4):
 PSYoungGen      total 311808K, used 19335K [0x00000000d5580000, 0x00000000ead00000, 0x0000000100000000)
  eden space 292352K, 0% used [0x00000000d5580000,0x00000000d5580000,0x00000000e7300000)
  from space 19456K, 99% used [0x00000000e7e00000,0x00000000e90e1db8,0x00000000e9100000)
  to   space 28672K, 0% used [0x00000000e9100000,0x00000000e9100000,0x00000000ead00000)
 ParOldGen       total 144384K, used 52567K [0x0000000080000000, 0x0000000088d00000, 0x00000000d5580000)
  object space 144384K, 36% used [0x0000000080000000,0x0000000083355d88,0x0000000088d00000)
 Metaspace       used 93588K, capacity 98560K, committed 98600K, reserved 1134592K
  class space    used 12114K, capacity 13079K, committed 13104K, reserved 1048576K
Event: 1453.126 GC heap after
Heap after GC invocations=19 (full 4):
 PSYoungGen      total 311808K, used 0K [0x00000000d5580000, 0x00000000ead00000, 0x0000000100000000)
  eden space 292352K, 0% used [0x00000000d5580000,0x00000000d5580000,0x00000000e7300000)
  from space 19456K, 0% used [0x00000000e7e00000,0x00000000e7e00000,0x00000000e9100000)
  to   space 28672K, 0% used [0x00000000e9100000,0x00000000e9100000,0x00000000ead00000)
 ParOldGen       total 220672K, used 62374K [0x0000000080000000, 0x000000008d780000, 0x00000000d5580000)
  object space 220672K, 28% used [0x0000000080000000,0x0000000083ce99a8,0x000000008d780000)
 Metaspace       used 93161K, capacity 97300K, committed 98600K, reserved 1134592K
  class space    used 11978K, capacity 12842K, committed 13104K, reserved 1048576K
}

